<?xml version="1.0" encoding="UTF-8"?>
<!-- Generated by org.testng.reporters.JUnitReportReporter -->
<testsuite hostname="DESKTOP-EKBA8NT" name="com.MavenSelenium.tests.SeleniumTestScript" tests="1" failures="0" timestamp="4 Jan 2018 08:16:35 GMT" time="10.608" errors="0">
  <testcase name="method1" time="10.608" classname="com.MavenSelenium.tests.SeleniumTestScript"/>
</testsuite> <!-- com.MavenSelenium.tests.SeleniumTestScript -->
